0 info it worked if it ends with ok
1 verbose cli [ '/opt/local/bin/node', '/opt/local/bin/npm', 'run', 'package' ]
2 info using npm@2.15.12
3 info using node@v4.8.4
4 verbose stack Error: missing script: package
4 verbose stack     at run (/opt/local/lib/node_modules/npm/lib/run-script.js:142:19)
4 verbose stack     at /opt/local/lib/node_modules/npm/lib/run-script.js:58:5
4 verbose stack     at /opt/local/lib/node_modules/npm/node_modules/read-package-json/read-json.js:356:5
4 verbose stack     at checkBinReferences_ (/opt/local/lib/node_modules/npm/node_modules/read-package-json/read-json.js:320:45)
4 verbose stack     at final (/opt/local/lib/node_modules/npm/node_modules/read-package-json/read-json.js:354:3)
4 verbose stack     at then (/opt/local/lib/node_modules/npm/node_modules/read-package-json/read-json.js:124:5)
4 verbose stack     at /opt/local/lib/node_modules/npm/node_modules/read-package-json/read-json.js:243:12
4 verbose stack     at /opt/local/lib/node_modules/npm/node_modules/graceful-fs/graceful-fs.js:78:16
4 verbose stack     at FSReqWrap.readFileAfterClose [as oncomplete] (fs.js:380:3)
5 verbose cwd /Users/clitemnestra/bitcoin/glam2017/front
6 error Darwin 14.5.0
7 error argv "/opt/local/bin/node" "/opt/local/bin/npm" "run" "package"
8 error node v4.8.4
9 error npm  v2.15.12
10 error missing script: package
11 error If you need help, you may report this error at:
11 error     <https://github.com/npm/npm/issues>
12 verbose exit [ 1, true ]
